2026-01-01 12:16:56,479 : INFO : root : Loading config.
2026-01-01 12:16:56,482 : INFO : YamlMultifileConfigLoader : Machine config file #1: config.yaml
2026-01-01 12:16:56,482 : INFO : ConfigProcessor : Loading config from cache: /tmp/5527cdf0eba21cb5b62cdbf1412f48ab.mpf_cache
2026-01-01 12:16:56,520 : INFO : ConfigProcessor : Loading config from cache: /tmp/ba195dfdf1ea05015ec0aa565015d157.mpf_cache
2026-01-01 12:16:56,521 : INFO : ConfigProcessor : Loading config from cache: /tmp/f57f0537fdc7805225abf9c1a1ee119c.mpf_cache
2026-01-01 12:16:56,521 : INFO : ConfigProcessor : Loading config from cache: /tmp/ba195dfdf1ea05015ec0aa565015d157.mpf_cache
2026-01-01 12:16:56,521 : WARNING : ConfigProcessor : Config file in cache changed: /home/hotsoup/repos/pinball-soup/ozzfest/modes/base/config/base.yaml
2026-01-01 12:16:56,521 : INFO : ConfigProcessor : Loading config from file /home/hotsoup/repos/pinball-soup/ozzfest/modes/base/config/base.yaml.
2026-01-01 12:16:56,525 : INFO : ConfigProcessor : Loading config: /home/hotsoup/repos/pinball-soup/ozzfest/modes/base/config/base.yaml
2026-01-01 12:16:56,526 : INFO : ConfigProcessor : Config file cache created: /tmp/ac54eaf53dec484b1f36e96223ff75e9.mpf_cache
2026-01-01 12:16:56,526 : INFO : ConfigProcessor : Loading config from cache: /tmp/fe5f14ef594c03fb5611c1e920d2be25.mpf_cache
2026-01-01 12:16:56,526 : INFO : ConfigProcessor : Loading config from cache: /tmp/6276d6086c07cc997337f319c85e49db.mpf_cache
2026-01-01 12:16:56,527 : INFO : ConfigProcessor : Loading config from cache: /tmp/c094e41fe024d7b15eec3b38569b70a8.mpf_cache
2026-01-01 12:16:56,527 : INFO : ConfigProcessor : Loading config from cache: /tmp/4af1932c551eae6d17fcd9051a9ed7e2.mpf_cache
2026-01-01 12:16:56,527 : INFO : ConfigProcessor : Loading config from cache: /tmp/e26bcbce20924eebcd28aaf7cbd67347.mpf_cache
2026-01-01 12:16:56,527 : INFO : ConfigProcessor : Loading config from cache: /tmp/84547a3e86c6d8bbc6382bc8543834be.mpf_cache
2026-01-01 12:16:56,528 : INFO : ConfigProcessor : Loading config from cache: /tmp/55480dc30bdfd41d93b37a6dcca6a184.mpf_cache
2026-01-01 12:16:56,528 : INFO : ConfigProcessor : Loading config from cache: /tmp/f54f451608ad210d0560a0f6f0f24980.mpf_cache
2026-01-01 12:16:56,528 : INFO : ConfigProcessor : Loading config from cache: /tmp/3967131bded016b3099a5c98a7500c29.mpf_cache
2026-01-01 12:16:56,528 : INFO : ConfigProcessor : Loading config from cache: /tmp/67b07a9251e0b18722b8536fbbc452a9.mpf_cache
2026-01-01 12:16:56,529 : INFO : ConfigProcessor : Loading config from cache: /tmp/2be5cec3ce49c331e603f3f334d07368.mpf_cache
2026-01-01 12:16:56,529 : INFO : Machine : Mission Pinball Framework Core Engine v0.80.0.dev11
2026-01-01 12:16:56,529 : INFO : Machine : Command line arguments: {'no_load_cache': False, 'create_config_cache': True, 'bcp': True, 'configfile': ['config.yaml'], 'force_assets_load': False, 'platform_integration_test': False, 'jsonlogging': False, 'logfile': 'logs/2026-01-01-12-16-56-mpf-fedora.log', 'pause': False, 'production': False, 'text_ui': True, 'loglevel': 15, 'consoleloglevel': 20, 'force_platform': None, 'syslog_address': None, 'full_logfile_path': '/home/hotsoup/repos/pinball-soup/ozzfest/logs/2026-01-01-12-16-56-mpf-fedora.log'}
2026-01-01 12:16:56,529 : INFO : Machine : MPF path: /home/hotsoup/.pyenv/versions/3.12.8/envs/ozzfest/lib/python3.12/site-packages/mpf
2026-01-01 12:16:56,529 : INFO : Machine : Machine path: /home/hotsoup/repos/pinball-soup/ozzfest
2026-01-01 12:16:56,529 : INFO : Machine : Platform: linux
2026-01-01 12:16:56,529 : INFO : Machine : Python executable location: /home/hotsoup/.pyenv/versions/3.12.8/envs/ozzfest/bin/python
2026-01-01 12:16:56,529 : INFO : Machine : Python version: 3.12.8 (64-bit)
2026-01-01 12:16:56,530 : INFO : Machine : Initializing MPF...
2026-01-01 12:16:56,576 : INFO : lisy : Connecting to /dev/ttyACM0 at 115200bps
2026-01-01 12:16:57,181 : WARNING : lisy : Reset of LISY failed. Did not get a response in 500ms. Will retry.
2026-01-01 12:16:57,683 : WARNING : lisy : Reset of LISY failed. Did not get a response in 500ms. Will retry.
2026-01-01 12:16:58,184 : WARNING : lisy : Reset of LISY failed. Did not get a response in 500ms. Will retry.
2026-01-01 12:16:58,685 : WARNING : lisy : Reset of LISY failed. Did not get a response in 500ms. Will retry.
2026-01-01 12:16:59,186 : WARNING : lisy : Reset of LISY failed. Did not get a response in 500ms. Will retry.
2026-01-01 12:16:59,687 : WARNING : lisy : Reset of LISY failed. Did not get a response in 500ms. Will retry.
2026-01-01 12:17:00,189 : WARNING : lisy : Reset of LISY failed. Did not get a response in 500ms. Will retry.
2026-01-01 12:17:00,691 : WARNING : lisy : Reset of LISY failed. Did not get a response in 500ms. Will retry.
2026-01-01 12:17:01,194 : WARNING : lisy : Reset of LISY failed. Did not get a response in 500ms. Will retry.
2026-01-01 12:17:01,695 : WARNING : lisy : Reset of LISY failed. Did not get a response in 500ms. Will retry.
2026-01-01 12:17:01,952 : ERROR : lisy : Failed to read lisy_version from LISY. Got b''
2026-01-01 12:17:01,956 : WARNING : lisy : Reset of LISY failed. Got 65 instead of 0. Will retry.
2026-01-01 12:17:01,973 : INFO : EventManager : Event: ======'machine_var_lisy_hardware'====== Args={'value': 'APC', 'prev_value': None, 'change': True}
2026-01-01 12:17:01,973 : INFO : EventManager : Event: ======'machine_var_lisy_version'====== Args={'value': '01.04', 'prev_value': None, 'change': True}
2026-01-01 12:17:01,973 : INFO : EventManager : Event: ======'machine_var_lisy_api_version'====== Args={'value': b'0.10', 'prev_value': None, 'change': True}
2026-01-01 12:17:02,292 : INFO : EventManager : Event: ======'machine_var_credits_string'====== Args={'value': 'FREE PLAY', 'prev_value': None, 'change': True}
2026-01-01 12:17:02,311 : INFO : EventManager : Event: ======'machine_var_master_volume'====== Args={'value': 0.5, 'prev_value': None, 'change': True}
2026-01-01 12:17:02,311 : INFO : EventManager : Event: ======'machine_var_mpf_version'====== Args={'value': 'Mission Pinball Framework v0.80.0.dev11', 'prev_value': None, 'change': True}
2026-01-01 12:17:02,311 : INFO : EventManager : Event: ======'machine_var_mpf_extended_version'====== Args={'value': 'Mission Pinball Framework v0.80.0.dev11, Config version:6, Show version: 6, BCP version:1.1', 'prev_value': None, 'change': True}
2026-01-01 12:17:02,312 : INFO : EventManager : Event: ======'machine_var_python_version'====== Args={'value': '3.12.8', 'prev_value': None, 'change': True}
2026-01-01 12:17:02,314 : INFO : EventManager : Event: ======'machine_var_platform'====== Args={'value': 'Linux-6.17.12-300.fc43.x86_64-x86_64-with-glibc2.42', 'prev_value': None, 'change': True}
2026-01-01 12:17:02,314 : INFO : EventManager : Event: ======'machine_var_platform_system'====== Args={'value': 'Linux', 'prev_value': None, 'change': True}
2026-01-01 12:17:02,314 : INFO : EventManager : Event: ======'machine_var_platform_release'====== Args={'value': '6.17.12-300.fc43.x86_64', 'prev_value': None, 'change': True}
2026-01-01 12:17:02,314 : INFO : EventManager : Event: ======'machine_var_platform_version'====== Args={'value': '#1 SMP PREEMPT_DYNAMIC Sat Dec 13 05:06:24 UTC 2025', 'prev_value': None, 'change': True}
2026-01-01 12:17:02,314 : INFO : EventManager : Event: ======'machine_var_platform_machine'====== Args={'value': 'x86_64', 'prev_value': None, 'change': True}
2026-01-01 12:17:02,315 : INFO : EventManager : Event: ======'machine_var_log_file_path'====== Args={'value': '/home/hotsoup/repos/pinball-soup/ozzfest/logs/2026-01-01-12-16-56-mpf-fedora.log', 'prev_value': None, 'change': True}
2026-01-01 12:17:02,315 : INFO : EventManager : Event: ======'init_phase_1'====== Args={}
2026-01-01 12:17:02,351 : WARNING : segment_display.player1_display : Segment display update_method will default to 'replace' in a future MPF release. You have no config value specified and are currently getting 'stack' for backwards compatibility. To avoid a breaking change, please set 'update_method: "stack"' in your segment display config.
2026-01-01 12:17:02,351 : WARNING : segment_display.player2_display : Segment display update_method will default to 'replace' in a future MPF release. You have no config value specified and are currently getting 'stack' for backwards compatibility. To avoid a breaking change, please set 'update_method: "stack"' in your segment display config.
2026-01-01 12:17:02,351 : WARNING : segment_display.player3_display : Segment display update_method will default to 'replace' in a future MPF release. You have no config value specified and are currently getting 'stack' for backwards compatibility. To avoid a breaking change, please set 'update_method: "stack"' in your segment display config.
2026-01-01 12:17:02,351 : WARNING : segment_display.player4_display : Segment display update_method will default to 'replace' in a future MPF release. You have no config value specified and are currently getting 'stack' for backwards compatibility. To avoid a breaking change, please set 'update_method: "stack"' in your segment display config.
2026-01-01 12:17:02,351 : WARNING : segment_display.info_display : Segment display update_method will default to 'replace' in a future MPF release. You have no config value specified and are currently getting 'stack' for backwards compatibility. To avoid a breaking change, please set 'update_method: "stack"' in your segment display config.
2026-01-01 12:17:02,361 : INFO : EventManager : Event: ======'drop_target_bank_right_threebank_up'====== Args={}
2026-01-01 12:17:02,361 : INFO : EventManager : Event: ======'drop_target_bank_left_threebank_up'====== Args={}
2026-01-01 12:17:02,361 : INFO : EventManager : Event: ======'drop_target_bank_fivebank_inline_up'====== Args={}
2026-01-01 12:17:02,387 : ERROR : asyncio : Task exception was never retrieved
future: <Task finished name='Task-166' coro=<SystemWideDevice.device_added_system_wide() done, defined at /home/hotsoup/.pyenv/versions/3.12.8/envs/ozzfest/lib/python3.12/site-packages/mpf/core/system_wide_device.py:15> exception=ConfigFileError("Autofire device 'slingshot_right' uses switch 's_right_slingshot' which has a 'playfield_active' tag. This is handled internally by the device. Remove the redundant 'playfield_active' tag from that switch.")>
Traceback (most recent call last):
  File "/home/hotsoup/.pyenv/versions/3.12.8/envs/ozzfest/lib/python3.12/site-packages/mpf/core/system_wide_device.py", line 17, in device_added_system_wide
    await self._initialize()
  File "/home/hotsoup/.pyenv/versions/3.12.8/envs/ozzfest/lib/python3.12/site-packages/mpf/devices/autofire.py", line 68, in _initialize
    self.raise_config_error(
  File "/home/hotsoup/.pyenv/versions/3.12.8/envs/ozzfest/lib/python3.12/site-packages/mpf/core/logging.py", line 175, in raise_config_error
    raise ConfigFileError(msg, error_no, self.log.name if self.log else "", context, self._url_base) \
mpf.exceptions.config_file_error.ConfigFileError: Config File Error in autofire.slingshot_right: Autofire device 'slingshot_right' uses switch 's_right_slingshot' which has a 'playfield_active' tag. This is handled internally by the device. Remove the redundant 'playfield_active' tag from that switch. Error Code: CFE-autofire-1 (https://missionpinball.org/logs)
2026-01-01 12:17:02,390 : ERROR : asyncio : Task exception was never retrieved
future: <Task finished name='Task-171' coro=<SystemWideDevice.device_added_system_wide() done, defined at /home/hotsoup/.pyenv/versions/3.12.8/envs/ozzfest/lib/python3.12/site-packages/mpf/core/system_wide_device.py:15> exception=ConfigFileError("Drop target device 'drop_right_threebank_lower' uses switch 's_right_threebank_lower' which has a 'playfield_active' tag. This is handled internally by the device. Remove the redundant 'playfield_active' tag from that switch.")>
Traceback (most recent call last):
  File "/home/hotsoup/.pyenv/versions/3.12.8/envs/ozzfest/lib/python3.12/site-packages/mpf/core/system_wide_device.py", line 17, in device_added_system_wide
    await self._initialize()
  File "/home/hotsoup/.pyenv/versions/3.12.8/envs/ozzfest/lib/python3.12/site-packages/mpf/devices/drop_target.py", line 65, in _initialize
    self.raise_config_error(
  File "/home/hotsoup/.pyenv/versions/3.12.8/envs/ozzfest/lib/python3.12/site-packages/mpf/core/logging.py", line 175, in raise_config_error
    raise ConfigFileError(msg, error_no, self.log.name if self.log else "", context, self._url_base) \
mpf.exceptions.config_file_error.ConfigFileError: Config File Error in drop_target.drop_right_threebank_lower: Drop target device 'drop_right_threebank_lower' uses switch 's_right_threebank_lower' which has a 'playfield_active' tag. This is handled internally by the device. Remove the redundant 'playfield_active' tag from that switch. Error Code: CFE-drop_target-1 (https://missionpinball.org/logs)
2026-01-01 12:17:02,392 : ERROR : asyncio : Task exception was never retrieved
future: <Task finished name='Task-172' coro=<SystemWideDevice.device_added_system_wide() done, defined at /home/hotsoup/.pyenv/versions/3.12.8/envs/ozzfest/lib/python3.12/site-packages/mpf/core/system_wide_device.py:15> exception=ConfigFileError("Drop target device 'drop_right_threebank_center' uses switch 's_right_threebank_center' which has a 'playfield_active' tag. This is handled internally by the device. Remove the redundant 'playfield_active' tag from that switch.")>
Traceback (most recent call last):
  File "/home/hotsoup/.pyenv/versions/3.12.8/envs/ozzfest/lib/python3.12/site-packages/mpf/core/system_wide_device.py", line 17, in device_added_system_wide
    await self._initialize()
  File "/home/hotsoup/.pyenv/versions/3.12.8/envs/ozzfest/lib/python3.12/site-packages/mpf/devices/drop_target.py", line 65, in _initialize
    self.raise_config_error(
  File "/home/hotsoup/.pyenv/versions/3.12.8/envs/ozzfest/lib/python3.12/site-packages/mpf/core/logging.py", line 175, in raise_config_error
    raise ConfigFileError(msg, error_no, self.log.name if self.log else "", context, self._url_base) \
mpf.exceptions.config_file_error.ConfigFileError: Config File Error in drop_target.drop_right_threebank_center: Drop target device 'drop_right_threebank_center' uses switch 's_right_threebank_center' which has a 'playfield_active' tag. This is handled internally by the device. Remove the redundant 'playfield_active' tag from that switch. Error Code: CFE-drop_target-1 (https://missionpinball.org/logs)
2026-01-01 12:17:02,392 : ERROR : asyncio : Task exception was never retrieved
future: <Task finished name='Task-173' coro=<SystemWideDevice.device_added_system_wide() done, defined at /home/hotsoup/.pyenv/versions/3.12.8/envs/ozzfest/lib/python3.12/site-packages/mpf/core/system_wide_device.py:15> exception=ConfigFileError("Drop target device 'drop_right_threebank_upper' uses switch 's_right_threebank_upper' which has a 'playfield_active' tag. This is handled internally by the device. Remove the redundant 'playfield_active' tag from that switch.")>
Traceback (most recent call last):
  File "/home/hotsoup/.pyenv/versions/3.12.8/envs/ozzfest/lib/python3.12/site-packages/mpf/core/system_wide_device.py", line 17, in device_added_system_wide
    await self._initialize()
  File "/home/hotsoup/.pyenv/versions/3.12.8/envs/ozzfest/lib/python3.12/site-packages/mpf/devices/drop_target.py", line 65, in _initialize
    self.raise_config_error(
  File "/home/hotsoup/.pyenv/versions/3.12.8/envs/ozzfest/lib/python3.12/site-packages/mpf/core/logging.py", line 175, in raise_config_error
    raise ConfigFileError(msg, error_no, self.log.name if self.log else "", context, self._url_base) \
mpf.exceptions.config_file_error.ConfigFileError: Config File Error in drop_target.drop_right_threebank_upper: Drop target device 'drop_right_threebank_upper' uses switch 's_right_threebank_upper' which has a 'playfield_active' tag. This is handled internally by the device. Remove the redundant 'playfield_active' tag from that switch. Error Code: CFE-drop_target-1 (https://missionpinball.org/logs)
2026-01-01 12:17:02,393 : ERROR : asyncio : Task exception was never retrieved
future: <Task finished name='Task-174' coro=<SystemWideDevice.device_added_system_wide() done, defined at /home/hotsoup/.pyenv/versions/3.12.8/envs/ozzfest/lib/python3.12/site-packages/mpf/core/system_wide_device.py:15> exception=ConfigFileError("Drop target device 'drop_left_threebank_lower' uses switch 's_left_threebank_lower' which has a 'playfield_active' tag. This is handled internally by the device. Remove the redundant 'playfield_active' tag from that switch.")>
Traceback (most recent call last):
  File "/home/hotsoup/.pyenv/versions/3.12.8/envs/ozzfest/lib/python3.12/site-packages/mpf/core/system_wide_device.py", line 17, in device_added_system_wide
    await self._initialize()
  File "/home/hotsoup/.pyenv/versions/3.12.8/envs/ozzfest/lib/python3.12/site-packages/mpf/devices/drop_target.py", line 65, in _initialize
    self.raise_config_error(
  File "/home/hotsoup/.pyenv/versions/3.12.8/envs/ozzfest/lib/python3.12/site-packages/mpf/core/logging.py", line 175, in raise_config_error
    raise ConfigFileError(msg, error_no, self.log.name if self.log else "", context, self._url_base) \
mpf.exceptions.config_file_error.ConfigFileError: Config File Error in drop_target.drop_left_threebank_lower: Drop target device 'drop_left_threebank_lower' uses switch 's_left_threebank_lower' which has a 'playfield_active' tag. This is handled internally by the device. Remove the redundant 'playfield_active' tag from that switch. Error Code: CFE-drop_target-1 (https://missionpinball.org/logs)
2026-01-01 12:17:02,393 : ERROR : asyncio : Task exception was never retrieved
future: <Task finished name='Task-175' coro=<SystemWideDevice.device_added_system_wide() done, defined at /home/hotsoup/.pyenv/versions/3.12.8/envs/ozzfest/lib/python3.12/site-packages/mpf/core/system_wide_device.py:15> exception=ConfigFileError("Drop target device 'drop_left_threebank_center' uses switch 's_left_threebank_center' which has a 'playfield_active' tag. This is handled internally by the device. Remove the redundant 'playfield_active' tag from that switch.")>
Traceback (most recent call last):
  File "/home/hotsoup/.pyenv/versions/3.12.8/envs/ozzfest/lib/python3.12/site-packages/mpf/core/system_wide_device.py", line 17, in device_added_system_wide
    await self._initialize()
  File "/home/hotsoup/.pyenv/versions/3.12.8/envs/ozzfest/lib/python3.12/site-packages/mpf/devices/drop_target.py", line 65, in _initialize
    self.raise_config_error(
  File "/home/hotsoup/.pyenv/versions/3.12.8/envs/ozzfest/lib/python3.12/site-packages/mpf/core/logging.py", line 175, in raise_config_error
    raise ConfigFileError(msg, error_no, self.log.name if self.log else "", context, self._url_base) \
mpf.exceptions.config_file_error.ConfigFileError: Config File Error in drop_target.drop_left_threebank_center: Drop target device 'drop_left_threebank_center' uses switch 's_left_threebank_center' which has a 'playfield_active' tag. This is handled internally by the device. Remove the redundant 'playfield_active' tag from that switch. Error Code: CFE-drop_target-1 (https://missionpinball.org/logs)
2026-01-01 12:17:02,394 : ERROR : asyncio : Task exception was never retrieved
future: <Task finished name='Task-176' coro=<SystemWideDevice.device_added_system_wide() done, defined at /home/hotsoup/.pyenv/versions/3.12.8/envs/ozzfest/lib/python3.12/site-packages/mpf/core/system_wide_device.py:15> exception=ConfigFileError("Drop target device 'drop_left_threebank_upper' uses switch 's_left_threebank_upper' which has a 'playfield_active' tag. This is handled internally by the device. Remove the redundant 'playfield_active' tag from that switch.")>
Traceback (most recent call last):
  File "/home/hotsoup/.pyenv/versions/3.12.8/envs/ozzfest/lib/python3.12/site-packages/mpf/core/system_wide_device.py", line 17, in device_added_system_wide
    await self._initialize()
  File "/home/hotsoup/.pyenv/versions/3.12.8/envs/ozzfest/lib/python3.12/site-packages/mpf/devices/drop_target.py", line 65, in _initialize
    self.raise_config_error(
  File "/home/hotsoup/.pyenv/versions/3.12.8/envs/ozzfest/lib/python3.12/site-packages/mpf/core/logging.py", line 175, in raise_config_error
    raise ConfigFileError(msg, error_no, self.log.name if self.log else "", context, self._url_base) \
mpf.exceptions.config_file_error.ConfigFileError: Config File Error in drop_target.drop_left_threebank_upper: Drop target device 'drop_left_threebank_upper' uses switch 's_left_threebank_upper' which has a 'playfield_active' tag. This is handled internally by the device. Remove the redundant 'playfield_active' tag from that switch. Error Code: CFE-drop_target-1 (https://missionpinball.org/logs)
2026-01-01 12:17:02,394 : ERROR : asyncio : Task exception was never retrieved
future: <Task finished name='Task-177' coro=<SystemWideDevice.device_added_system_wide() done, defined at /home/hotsoup/.pyenv/versions/3.12.8/envs/ozzfest/lib/python3.12/site-packages/mpf/core/system_wide_device.py:15> exception=ConfigFileError("Drop target device 'drop_fivebank_left' uses switch 's_fivebank_drop_left' which has a 'playfield_active' tag. This is handled internally by the device. Remove the redundant 'playfield_active' tag from that switch.")>
Traceback (most recent call last):
  File "/home/hotsoup/.pyenv/versions/3.12.8/envs/ozzfest/lib/python3.12/site-packages/mpf/core/system_wide_device.py", line 17, in device_added_system_wide
    await self._initialize()
  File "/home/hotsoup/.pyenv/versions/3.12.8/envs/ozzfest/lib/python3.12/site-packages/mpf/devices/drop_target.py", line 65, in _initialize
    self.raise_config_error(
  File "/home/hotsoup/.pyenv/versions/3.12.8/envs/ozzfest/lib/python3.12/site-packages/mpf/core/logging.py", line 175, in raise_config_error
    raise ConfigFileError(msg, error_no, self.log.name if self.log else "", context, self._url_base) \
mpf.exceptions.config_file_error.ConfigFileError: Config File Error in drop_target.drop_fivebank_left: Drop target device 'drop_fivebank_left' uses switch 's_fivebank_drop_left' which has a 'playfield_active' tag. This is handled internally by the device. Remove the redundant 'playfield_active' tag from that switch. Error Code: CFE-drop_target-1 (https://missionpinball.org/logs)
2026-01-01 12:17:02,395 : ERROR : asyncio : Task exception was never retrieved
future: <Task finished name='Task-178' coro=<SystemWideDevice.device_added_system_wide() done, defined at /home/hotsoup/.pyenv/versions/3.12.8/envs/ozzfest/lib/python3.12/site-packages/mpf/core/system_wide_device.py:15> exception=ConfigFileError("Drop target device 'drop_fivebank_left_mid' uses switch 's_fivebank_drop_left_mid' which has a 'playfield_active' tag. This is handled internally by the device. Remove the redundant 'playfield_active' tag from that switch.")>
Traceback (most recent call last):
  File "/home/hotsoup/.pyenv/versions/3.12.8/envs/ozzfest/lib/python3.12/site-packages/mpf/core/system_wide_device.py", line 17, in device_added_system_wide
    await self._initialize()
  File "/home/hotsoup/.pyenv/versions/3.12.8/envs/ozzfest/lib/python3.12/site-packages/mpf/devices/drop_target.py", line 65, in _initialize
    self.raise_config_error(
  File "/home/hotsoup/.pyenv/versions/3.12.8/envs/ozzfest/lib/python3.12/site-packages/mpf/core/logging.py", line 175, in raise_config_error
    raise ConfigFileError(msg, error_no, self.log.name if self.log else "", context, self._url_base) \
mpf.exceptions.config_file_error.ConfigFileError: Config File Error in drop_target.drop_fivebank_left_mid: Drop target device 'drop_fivebank_left_mid' uses switch 's_fivebank_drop_left_mid' which has a 'playfield_active' tag. This is handled internally by the device. Remove the redundant 'playfield_active' tag from that switch. Error Code: CFE-drop_target-1 (https://missionpinball.org/logs)
2026-01-01 12:17:02,395 : ERROR : asyncio : Task exception was never retrieved
future: <Task finished name='Task-179' coro=<SystemWideDevice.device_added_system_wide() done, defined at /home/hotsoup/.pyenv/versions/3.12.8/envs/ozzfest/lib/python3.12/site-packages/mpf/core/system_wide_device.py:15> exception=ConfigFileError("Drop target device 'drop_fivebank_center' uses switch 's_fivebank_drop_center' which has a 'playfield_active' tag. This is handled internally by the device. Remove the redundant 'playfield_active' tag from that switch.")>
Traceback (most recent call last):
  File "/home/hotsoup/.pyenv/versions/3.12.8/envs/ozzfest/lib/python3.12/site-packages/mpf/core/system_wide_device.py", line 17, in device_added_system_wide
    await self._initialize()
  File "/home/hotsoup/.pyenv/versions/3.12.8/envs/ozzfest/lib/python3.12/site-packages/mpf/devices/drop_target.py", line 65, in _initialize
    self.raise_config_error(
  File "/home/hotsoup/.pyenv/versions/3.12.8/envs/ozzfest/lib/python3.12/site-packages/mpf/core/logging.py", line 175, in raise_config_error
    raise ConfigFileError(msg, error_no, self.log.name if self.log else "", context, self._url_base) \
mpf.exceptions.config_file_error.ConfigFileError: Config File Error in drop_target.drop_fivebank_center: Drop target device 'drop_fivebank_center' uses switch 's_fivebank_drop_center' which has a 'playfield_active' tag. This is handled internally by the device. Remove the redundant 'playfield_active' tag from that switch. Error Code: CFE-drop_target-1 (https://missionpinball.org/logs)
2026-01-01 12:17:02,396 : ERROR : asyncio : Task exception was never retrieved
future: <Task finished name='Task-180' coro=<SystemWideDevice.device_added_system_wide() done, defined at /home/hotsoup/.pyenv/versions/3.12.8/envs/ozzfest/lib/python3.12/site-packages/mpf/core/system_wide_device.py:15> exception=ConfigFileError("Drop target device 'drop_fivebank_right_mid' uses switch 's_fivebank_drop_right_mid' which has a 'playfield_active' tag. This is handled internally by the device. Remove the redundant 'playfield_active' tag from that switch.")>
Traceback (most recent call last):
  File "/home/hotsoup/.pyenv/versions/3.12.8/envs/ozzfest/lib/python3.12/site-packages/mpf/core/system_wide_device.py", line 17, in device_added_system_wide
    await self._initialize()
  File "/home/hotsoup/.pyenv/versions/3.12.8/envs/ozzfest/lib/python3.12/site-packages/mpf/devices/drop_target.py", line 65, in _initialize
    self.raise_config_error(
  File "/home/hotsoup/.pyenv/versions/3.12.8/envs/ozzfest/lib/python3.12/site-packages/mpf/core/logging.py", line 175, in raise_config_error
    raise ConfigFileError(msg, error_no, self.log.name if self.log else "", context, self._url_base) \
mpf.exceptions.config_file_error.ConfigFileError: Config File Error in drop_target.drop_fivebank_right_mid: Drop target device 'drop_fivebank_right_mid' uses switch 's_fivebank_drop_right_mid' which has a 'playfield_active' tag. This is handled internally by the device. Remove the redundant 'playfield_active' tag from that switch. Error Code: CFE-drop_target-1 (https://missionpinball.org/logs)
2026-01-01 12:17:02,396 : ERROR : asyncio : Task exception was never retrieved
future: <Task finished name='Task-181' coro=<SystemWideDevice.device_added_system_wide() done, defined at /home/hotsoup/.pyenv/versions/3.12.8/envs/ozzfest/lib/python3.12/site-packages/mpf/core/system_wide_device.py:15> exception=ConfigFileError("Drop target device 'drop_fivebank_right' uses switch 's_fivebank_drop_right' which has a 'playfield_active' tag. This is handled internally by the device. Remove the redundant 'playfield_active' tag from that switch.")>
Traceback (most recent call last):
  File "/home/hotsoup/.pyenv/versions/3.12.8/envs/ozzfest/lib/python3.12/site-packages/mpf/core/system_wide_device.py", line 17, in device_added_system_wide
    await self._initialize()
  File "/home/hotsoup/.pyenv/versions/3.12.8/envs/ozzfest/lib/python3.12/site-packages/mpf/devices/drop_target.py", line 65, in _initialize
    self.raise_config_error(
  File "/home/hotsoup/.pyenv/versions/3.12.8/envs/ozzfest/lib/python3.12/site-packages/mpf/core/logging.py", line 175, in raise_config_error
    raise ConfigFileError(msg, error_no, self.log.name if self.log else "", context, self._url_base) \
mpf.exceptions.config_file_error.ConfigFileError: Config File Error in drop_target.drop_fivebank_right: Drop target device 'drop_fivebank_right' uses switch 's_fivebank_drop_right' which has a 'playfield_active' tag. This is handled internally by the device. Remove the redundant 'playfield_active' tag from that switch. Error Code: CFE-drop_target-1 (https://missionpinball.org/logs)
2026-01-01 12:17:02,397 : ERROR : asyncio : Task exception was never retrieved
future: <Task finished name='Task-193' coro=<SystemWideDevice.device_added_system_wide() done, defined at /home/hotsoup/.pyenv/versions/3.12.8/envs/ozzfest/lib/python3.12/site-packages/mpf/core/system_wide_device.py:15> exception=AssertionError('Error in platform while configuring segment display info_display. See error above.')>
Traceback (most recent call last):
  File "/home/hotsoup/.pyenv/versions/3.12.8/envs/ozzfest/lib/python3.12/site-packages/mpf/devices/segment_display/segment_display.py", line 94, in _initialize
    self.hw_display = await self.platform.configure_segment_display(self.config['number'],
                      ^^^^^^^^^^^^^^^^^^^^^^^^^^^^^^^^^^^^^^^^^^^^^^^^^^^^^^^^^^^^^^^^^^^^
  File "/home/hotsoup/.pyenv/versions/3.12.8/envs/ozzfest/lib/python3.12/site-packages/mpf/platforms/lisy/lisy.py", line 768, in configure_segment_display
    raise AssertionError("Invalid display number {}. Hardware only supports {} displays (indexed with 0)".
AssertionError: Invalid display number 5. Hardware only supports 5 displays (indexed with 0)

The above exception was the direct cause of the following exception:

Traceback (most recent call last):
  File "/home/hotsoup/.pyenv/versions/3.12.8/envs/ozzfest/lib/python3.12/site-packages/mpf/core/system_wide_device.py", line 17, in device_added_system_wide
    await self._initialize()
  File "/home/hotsoup/.pyenv/versions/3.12.8/envs/ozzfest/lib/python3.12/site-packages/mpf/devices/segment_display/segment_display.py", line 98, in _initialize
    raise AssertionError("Error in platform while configuring segment display {}. "
AssertionError: Error in platform while configuring segment display info_display. See error above.
2026-01-01 12:17:02,399 : ERROR : asyncio : Task exception was never retrieved
future: <Task finished name='Task-36' coro=<SystemWideDevice.device_added_system_wide() done, defined at /home/hotsoup/.pyenv/versions/3.12.8/envs/ozzfest/lib/python3.12/site-packages/mpf/core/system_wide_device.py:15> exception=AssertionError('Failed to configure driver c_upper_left_flipper in platform. See error above')>
Traceback (most recent call last):
  File "/home/hotsoup/.pyenv/versions/3.12.8/envs/ozzfest/lib/python3.12/site-packages/mpf/devices/driver.py", line 118, in _initialize
    self.hw_driver = self.platform.configure_driver(config, self.config['number'], platform_settings)
                     ^^^^^^^^^^^^^^^^^^^^^^^^^^^^^^^^^^^^^^^^^^^^^^^^^^^^^^^^^^^^^^^^^^^^^^^^^^^^^^^^
  File "/home/hotsoup/.pyenv/versions/3.12.8/envs/ozzfest/lib/python3.12/site-packages/mpf/platforms/lisy/lisy.py", line 745, in configure_driver
    raise AssertionError("LISY only has {} drivers. Cannot configure driver {} (zero indexed).".
AssertionError: LISY only has 25 drivers. Cannot configure driver 26 (zero indexed).

The above exception was the direct cause of the following exception:

Traceback (most recent call last):
  File "/home/hotsoup/.pyenv/versions/3.12.8/envs/ozzfest/lib/python3.12/site-packages/mpf/core/system_wide_device.py", line 17, in device_added_system_wide
    await self._initialize()
  File "/home/hotsoup/.pyenv/versions/3.12.8/envs/ozzfest/lib/python3.12/site-packages/mpf/devices/driver.py", line 120, in _initialize
    raise AssertionError("Failed to configure driver {} in platform. See error above".format(self.name)) from e
AssertionError: Failed to configure driver c_upper_left_flipper in platform. See error above
2026-01-01 12:17:02,401 : ERROR : asyncio : Task exception was never retrieved
future: <Task finished name='Task-165' coro=<SystemWideDevice.device_added_system_wide() done, defined at /home/hotsoup/.pyenv/versions/3.12.8/envs/ozzfest/lib/python3.12/site-packages/mpf/core/system_wide_device.py:15> exception=ConfigFileError("Autofire device 'slingshot_left' uses switch 's_left_slingshot' which has a 'playfield_active' tag. This is handled internally by the device. Remove the redundant 'playfield_active' tag from that switch.")>
Traceback (most recent call last):
  File "/home/hotsoup/.pyenv/versions/3.12.8/envs/ozzfest/lib/python3.12/site-packages/mpf/core/system_wide_device.py", line 17, in device_added_system_wide
    await self._initialize()
  File "/home/hotsoup/.pyenv/versions/3.12.8/envs/ozzfest/lib/python3.12/site-packages/mpf/devices/autofire.py", line 68, in _initialize
    self.raise_config_error(
  File "/home/hotsoup/.pyenv/versions/3.12.8/envs/ozzfest/lib/python3.12/site-packages/mpf/core/logging.py", line 175, in raise_config_error
    raise ConfigFileError(msg, error_no, self.log.name if self.log else "", context, self._url_base) \
mpf.exceptions.config_file_error.ConfigFileError: Config File Error in autofire.slingshot_left: Autofire device 'slingshot_left' uses switch 's_left_slingshot' which has a 'playfield_active' tag. This is handled internally by the device. Remove the redundant 'playfield_active' tag from that switch. Error Code: CFE-autofire-1 (https://missionpinball.org/logs)
2026-01-01 12:17:02,406 : INFO : EventManager : Event: ======'init_phase_2'====== Args={}
2026-01-01 12:17:02,406 : INFO : Machine : Starting the main run loop with active modes: []
2026-01-01 12:17:02,406 : WARNING : Machine : Attract mode is not active, game will not be playable. Please check your attract mode configuration.
2026-01-01 12:17:02,406 : INFO : Machine : Shutting down...
2026-01-01 12:17:02,406 : INFO : EventManager : Event: ======'shutdown'====== Args={}
2026-01-01 12:17:02,407 : INFO : SwitchController : Found active switch: ('9', <mpf.platforms.lisy.lisy.LisyHardwarePlatform object at 0x7fcfc9d7db50>) <switch.s_right_ball_trough>
2026-01-01 12:17:02,408 : INFO : SwitchController : Found active switch: ('10', <mpf.platforms.lisy.lisy.LisyHardwarePlatform object at 0x7fcfc9d7db50>) <switch.s_left_ball_trough>
2026-01-01 12:17:02,408 : INFO : SwitchController : Found active switch: ('16', <mpf.platforms.lisy.lisy.LisyHardwarePlatform object at 0x7fcfc9d7db50>) <switch.s_rollover_d>
2026-01-01 12:17:02,408 : INFO : SwitchController : Found active switch: ('33', <mpf.platforms.lisy.lisy.LisyHardwarePlatform object at 0x7fcfc9d7db50>) <switch.s_fivebank_drop_left>
2026-01-01 12:17:02,408 : INFO : SwitchController : Found active switch: ('35', <mpf.platforms.lisy.lisy.LisyHardwarePlatform object at 0x7fcfc9d7db50>) <switch.s_fivebank_drop_center>
2026-01-01 12:17:02,408 : INFO : SwitchController : Found active switch: ('36', <mpf.platforms.lisy.lisy.LisyHardwarePlatform object at 0x7fcfc9d7db50>) <switch.s_fivebank_drop_right_mid>
2026-01-01 12:17:02,408 : INFO : SwitchController : Found active switch: ('37', <mpf.platforms.lisy.lisy.LisyHardwarePlatform object at 0x7fcfc9d7db50>) <switch.s_fivebank_drop_right>
2026-01-01 12:17:02,408 : INFO : SwitchController : Found active switch: ('40', <mpf.platforms.lisy.lisy.LisyHardwarePlatform object at 0x7fcfc9d7db50>) <switch.s_upper_kicker>
2026-01-01 12:17:02,420 : INFO : EventManager : Event: ======'bcp_connection_attempt'====== Args={'name': 'local_display', 'host': 'localhost', 'port': 5050}
2026-01-01 12:17:02,422 : ERROR : asyncio : Exception in callback EventManager.process_event_queue()
handle: <Handle EventManager.process_event_queue()>
Traceback (most recent call last):
  File "/home/hotsoup/.pyenv/versions/3.12.8/envs/ozzfest/lib/python3.12/site-packages/mpf/core/events.py", line 755, in _run_handlers
    result = handler.callback(**merged_kwargs)
             ^^^^^^^^^^^^^^^^^^^^^^^^^^^^^^^^^
  File "/home/hotsoup/.pyenv/versions/3.12.8/envs/ozzfest/lib/python3.12/site-packages/mpf/core/text_ui.py", line 459, in _bcp_connection_attempt
    self._pending_bcp_connection = PopUpDialog(self.screen,
                                   ^^^^^^^^^^^^^^^^^^^^^^^^
  File "/home/hotsoup/.pyenv/versions/3.12.8/envs/ozzfest/lib/python3.12/site-packages/asciimatics/widgets/popupdialog.py", line 39, in __init__
    string_len = wcswidth if screen.unicode_aware else len
                             ^^^^^^^^^^^^^^^^^^^^
AttributeError: 'NoneType' object has no attribute 'unicode_aware'

The above exception was the direct cause of the following exception:

Traceback (most recent call last):
  File "/home/hotsoup/.pyenv/versions/3.12.8/lib/python3.12/asyncio/events.py", line 88, in _run
    self._context.run(self._callback, *self._args)
  File "/home/hotsoup/.pyenv/versions/3.12.8/envs/ozzfest/lib/python3.12/site-packages/mpf/core/events.py", line 846, in process_event_queue
    self._process_event(event=event[0],
  File "/home/hotsoup/.pyenv/versions/3.12.8/envs/ozzfest/lib/python3.12/site-packages/mpf/core/events.py", line 808, in _process_event
    result = self._run_handlers(event, ev_type, kwargs)
             ^^^^^^^^^^^^^^^^^^^^^^^^^^^^^^^^^^^^^^^^^^
  File "/home/hotsoup/.pyenv/versions/3.12.8/envs/ozzfest/lib/python3.12/site-packages/mpf/core/events.py", line 757, in _run_handlers
    raise EventHandlerException(
mpf.core.events.EventHandlerException: Exception while processing RegisteredHandler(callback=<bound method TextUi._bcp_connection_attempt of <mpf.core.text_ui.TextUi object at 0x7fcfc9b1e770>>, priority=1, kwargs={}, key=UUID('bcbcd173-88b1-4cc5-866a-c5be8b2f0373'), condition=None, blocking_facility=None) for event bcp_connection_attempt. 'NoneType' object has no attribute 'unicode_aware'
2026-01-01 12:17:02,426 : INFO : BCPClientSocket : Connecting BCP to 'local_display' at localhost:5050...
2026-01-01 12:17:03,525 : ERROR : Machine : Runtime Exception
Traceback (most recent call last):
  File "/home/hotsoup/.pyenv/versions/3.12.8/envs/ozzfest/lib/python3.12/site-packages/mpf/core/machine.py", line 810, in _run_loop
    raise self._exception['exception']
  File "/home/hotsoup/.pyenv/versions/3.12.8/envs/ozzfest/lib/python3.12/site-packages/mpf/core/system_wide_device.py", line 17, in device_added_system_wide
    await self._initialize()
  File "/home/hotsoup/.pyenv/versions/3.12.8/envs/ozzfest/lib/python3.12/site-packages/mpf/devices/autofire.py", line 68, in _initialize
    self.raise_config_error(
  File "/home/hotsoup/.pyenv/versions/3.12.8/envs/ozzfest/lib/python3.12/site-packages/mpf/core/logging.py", line 175, in raise_config_error
    raise ConfigFileError(msg, error_no, self.log.name if self.log else "", context, self._url_base) \
mpf.exceptions.config_file_error.ConfigFileError: Config File Error in autofire.slingshot_right: Autofire device 'slingshot_right' uses switch 's_right_slingshot' which has a 'playfield_active' tag. This is handled internally by the device. Remove the redundant 'playfield_active' tag from that switch. Error Code: CFE-autofire-1 (https://missionpinball.org/logs)
2026-01-01 12:17:03,527 : INFO : root : MPF run loop ended.
