2026-01-01 12:24:58,671 : INFO : root : Loading config.
2026-01-01 12:24:58,674 : INFO : YamlMultifileConfigLoader : Machine config file #1: config.yaml
2026-01-01 12:24:58,675 : INFO : ConfigProcessor : Loading config from cache: /tmp/5527cdf0eba21cb5b62cdbf1412f48ab.mpf_cache
2026-01-01 12:24:58,711 : INFO : ConfigProcessor : Loading config from cache: /tmp/ba195dfdf1ea05015ec0aa565015d157.mpf_cache
2026-01-01 12:24:58,711 : INFO : ConfigProcessor : Loading config from cache: /tmp/f57f0537fdc7805225abf9c1a1ee119c.mpf_cache
2026-01-01 12:24:58,712 : INFO : ConfigProcessor : Loading config from cache: /tmp/ba195dfdf1ea05015ec0aa565015d157.mpf_cache
2026-01-01 12:24:58,712 : INFO : ConfigProcessor : Loading config from cache: /tmp/ac54eaf53dec484b1f36e96223ff75e9.mpf_cache
2026-01-01 12:24:58,712 : INFO : ConfigProcessor : Loading config from cache: /tmp/fe5f14ef594c03fb5611c1e920d2be25.mpf_cache
2026-01-01 12:24:58,713 : INFO : ConfigProcessor : Loading config from cache: /tmp/6276d6086c07cc997337f319c85e49db.mpf_cache
2026-01-01 12:24:58,713 : INFO : ConfigProcessor : Loading config from cache: /tmp/c094e41fe024d7b15eec3b38569b70a8.mpf_cache
2026-01-01 12:24:58,713 : INFO : ConfigProcessor : Loading config from cache: /tmp/4af1932c551eae6d17fcd9051a9ed7e2.mpf_cache
2026-01-01 12:24:58,713 : INFO : ConfigProcessor : Loading config from cache: /tmp/e26bcbce20924eebcd28aaf7cbd67347.mpf_cache
2026-01-01 12:24:58,713 : INFO : ConfigProcessor : Loading config from cache: /tmp/84547a3e86c6d8bbc6382bc8543834be.mpf_cache
2026-01-01 12:24:58,714 : INFO : ConfigProcessor : Loading config from cache: /tmp/55480dc30bdfd41d93b37a6dcca6a184.mpf_cache
2026-01-01 12:24:58,714 : INFO : ConfigProcessor : Loading config from cache: /tmp/f54f451608ad210d0560a0f6f0f24980.mpf_cache
2026-01-01 12:24:58,714 : INFO : ConfigProcessor : Loading config from cache: /tmp/3967131bded016b3099a5c98a7500c29.mpf_cache
2026-01-01 12:24:58,714 : INFO : ConfigProcessor : Loading config from cache: /tmp/67b07a9251e0b18722b8536fbbc452a9.mpf_cache
2026-01-01 12:24:58,715 : INFO : ConfigProcessor : Loading config from cache: /tmp/2be5cec3ce49c331e603f3f334d07368.mpf_cache
2026-01-01 12:24:58,715 : INFO : Machine : Mission Pinball Framework Core Engine v0.80.0.dev11
2026-01-01 12:24:58,715 : INFO : Machine : Command line arguments: {'no_load_cache': False, 'create_config_cache': True, 'bcp': True, 'configfile': ['config.yaml'], 'force_assets_load': False, 'platform_integration_test': False, 'jsonlogging': False, 'logfile': 'logs/2026-01-01-12-24-58-mpf-fedora.log', 'pause': False, 'production': False, 'text_ui': True, 'loglevel': 15, 'consoleloglevel': 20, 'force_platform': None, 'syslog_address': None, 'full_logfile_path': '/home/hotsoup/repos/pinball-soup/ozzfest/logs/2026-01-01-12-24-58-mpf-fedora.log'}
2026-01-01 12:24:58,715 : INFO : Machine : MPF path: /home/hotsoup/.pyenv/versions/3.12.8/envs/ozzfest/lib/python3.12/site-packages/mpf
2026-01-01 12:24:58,715 : INFO : Machine : Machine path: /home/hotsoup/repos/pinball-soup/ozzfest
2026-01-01 12:24:58,715 : INFO : Machine : Platform: linux
2026-01-01 12:24:58,716 : INFO : Machine : Python executable location: /home/hotsoup/.pyenv/versions/3.12.8/envs/ozzfest/bin/python
2026-01-01 12:24:58,716 : INFO : Machine : Python version: 3.12.8 (64-bit)
2026-01-01 12:24:58,717 : INFO : Machine : Initializing MPF...
2026-01-01 12:24:58,761 : INFO : lisy : Connecting to /dev/ttyACM0 at 115200bps
2026-01-01 12:24:59,366 : WARNING : lisy : Reset of LISY failed. Did not get a response in 500ms. Will retry.
2026-01-01 12:24:59,868 : WARNING : lisy : Reset of LISY failed. Did not get a response in 500ms. Will retry.
2026-01-01 12:25:00,370 : WARNING : lisy : Reset of LISY failed. Did not get a response in 500ms. Will retry.
2026-01-01 12:25:00,872 : WARNING : lisy : Reset of LISY failed. Did not get a response in 500ms. Will retry.
2026-01-01 12:25:01,374 : WARNING : lisy : Reset of LISY failed. Did not get a response in 500ms. Will retry.
2026-01-01 12:25:01,876 : WARNING : lisy : Reset of LISY failed. Did not get a response in 500ms. Will retry.
2026-01-01 12:25:02,377 : WARNING : lisy : Reset of LISY failed. Did not get a response in 500ms. Will retry.
2026-01-01 12:25:02,879 : WARNING : lisy : Reset of LISY failed. Did not get a response in 500ms. Will retry.
2026-01-01 12:25:03,380 : WARNING : lisy : Reset of LISY failed. Did not get a response in 500ms. Will retry.
2026-01-01 12:25:03,881 : WARNING : lisy : Reset of LISY failed. Did not get a response in 500ms. Will retry.
2026-01-01 12:25:04,136 : ERROR : lisy : Failed to read lisy_version from LISY. Got b''
2026-01-01 12:25:04,140 : WARNING : lisy : Reset of LISY failed. Got 65 instead of 0. Will retry.
2026-01-01 12:25:04,157 : INFO : EventManager : Event: ======'machine_var_lisy_hardware'====== Args={'value': 'APC', 'prev_value': None, 'change': True}
2026-01-01 12:25:04,157 : INFO : EventManager : Event: ======'machine_var_lisy_version'====== Args={'value': '01.04', 'prev_value': None, 'change': True}
2026-01-01 12:25:04,157 : INFO : EventManager : Event: ======'machine_var_lisy_api_version'====== Args={'value': b'0.10', 'prev_value': None, 'change': True}
2026-01-01 12:25:04,476 : INFO : EventManager : Event: ======'machine_var_credits_string'====== Args={'value': 'FREE PLAY', 'prev_value': None, 'change': True}
2026-01-01 12:25:04,495 : INFO : EventManager : Event: ======'machine_var_master_volume'====== Args={'value': 0.5, 'prev_value': None, 'change': True}
2026-01-01 12:25:04,495 : INFO : EventManager : Event: ======'machine_var_mpf_version'====== Args={'value': 'Mission Pinball Framework v0.80.0.dev11', 'prev_value': None, 'change': True}
2026-01-01 12:25:04,495 : INFO : EventManager : Event: ======'machine_var_mpf_extended_version'====== Args={'value': 'Mission Pinball Framework v0.80.0.dev11, Config version:6, Show version: 6, BCP version:1.1', 'prev_value': None, 'change': True}
2026-01-01 12:25:04,495 : INFO : EventManager : Event: ======'machine_var_python_version'====== Args={'value': '3.12.8', 'prev_value': None, 'change': True}
2026-01-01 12:25:04,498 : INFO : EventManager : Event: ======'machine_var_platform'====== Args={'value': 'Linux-6.17.12-300.fc43.x86_64-x86_64-with-glibc2.42', 'prev_value': None, 'change': True}
2026-01-01 12:25:04,498 : INFO : EventManager : Event: ======'machine_var_platform_system'====== Args={'value': 'Linux', 'prev_value': None, 'change': True}
2026-01-01 12:25:04,498 : INFO : EventManager : Event: ======'machine_var_platform_release'====== Args={'value': '6.17.12-300.fc43.x86_64', 'prev_value': None, 'change': True}
2026-01-01 12:25:04,498 : INFO : EventManager : Event: ======'machine_var_platform_version'====== Args={'value': '#1 SMP PREEMPT_DYNAMIC Sat Dec 13 05:06:24 UTC 2025', 'prev_value': None, 'change': True}
2026-01-01 12:25:04,498 : INFO : EventManager : Event: ======'machine_var_platform_machine'====== Args={'value': 'x86_64', 'prev_value': None, 'change': True}
2026-01-01 12:25:04,498 : INFO : EventManager : Event: ======'machine_var_log_file_path'====== Args={'value': '/home/hotsoup/repos/pinball-soup/ozzfest/logs/2026-01-01-12-24-58-mpf-fedora.log', 'prev_value': None, 'change': True}
2026-01-01 12:25:04,498 : INFO : EventManager : Event: ======'init_phase_1'====== Args={}
2026-01-01 12:25:04,535 : WARNING : segment_display.player1_display : Segment display update_method will default to 'replace' in a future MPF release. You have no config value specified and are currently getting 'stack' for backwards compatibility. To avoid a breaking change, please set 'update_method: "stack"' in your segment display config.
2026-01-01 12:25:04,535 : WARNING : segment_display.player2_display : Segment display update_method will default to 'replace' in a future MPF release. You have no config value specified and are currently getting 'stack' for backwards compatibility. To avoid a breaking change, please set 'update_method: "stack"' in your segment display config.
2026-01-01 12:25:04,535 : WARNING : segment_display.player3_display : Segment display update_method will default to 'replace' in a future MPF release. You have no config value specified and are currently getting 'stack' for backwards compatibility. To avoid a breaking change, please set 'update_method: "stack"' in your segment display config.
2026-01-01 12:25:04,535 : WARNING : segment_display.player4_display : Segment display update_method will default to 'replace' in a future MPF release. You have no config value specified and are currently getting 'stack' for backwards compatibility. To avoid a breaking change, please set 'update_method: "stack"' in your segment display config.
2026-01-01 12:25:04,536 : WARNING : segment_display.info_display : Segment display update_method will default to 'replace' in a future MPF release. You have no config value specified and are currently getting 'stack' for backwards compatibility. To avoid a breaking change, please set 'update_method: "stack"' in your segment display config.
2026-01-01 12:25:04,546 : INFO : EventManager : Event: ======'drop_target_bank_right_threebank_up'====== Args={}
2026-01-01 12:25:04,546 : INFO : EventManager : Event: ======'drop_target_bank_left_threebank_up'====== Args={}
2026-01-01 12:25:04,546 : INFO : EventManager : Event: ======'drop_target_bank_fivebank_inline_up'====== Args={}
2026-01-01 12:25:04,571 : ERROR : asyncio : Task exception was never retrieved
future: <Task finished name='Task-187' coro=<SystemWideDevice.device_added_system_wide() done, defined at /home/hotsoup/.pyenv/versions/3.12.8/envs/ozzfest/lib/python3.12/site-packages/mpf/core/system_wide_device.py:15> exception=AssertionError('Error in platform while configuring segment display player1_display. See error above.')>
Traceback (most recent call last):
  File "/home/hotsoup/.pyenv/versions/3.12.8/envs/ozzfest/lib/python3.12/site-packages/mpf/devices/segment_display/segment_display.py", line 94, in _initialize
    self.hw_display = await self.platform.configure_segment_display(self.config['number'],
                      ^^^^^^^^^^^^^^^^^^^^^^^^^^^^^^^^^^^^^^^^^^^^^^^^^^^^^^^^^^^^^^^^^^^^
  File "/home/hotsoup/.pyenv/versions/3.12.8/envs/ozzfest/lib/python3.12/site-packages/mpf/platforms/lisy/lisy.py", line 772, in configure_segment_display
    await display.initialize()
  File "/home/hotsoup/.pyenv/versions/3.12.8/envs/ozzfest/lib/python3.12/site-packages/mpf/platforms/lisy/lisy.py", line 202, in initialize
    raise AssertionError("Display {} is configured as length {} but hardware reports as {}.".format(
AssertionError: Display 0 is configured as length 7 but hardware reports as 4.

The above exception was the direct cause of the following exception:

Traceback (most recent call last):
  File "/home/hotsoup/.pyenv/versions/3.12.8/envs/ozzfest/lib/python3.12/site-packages/mpf/core/system_wide_device.py", line 17, in device_added_system_wide
    await self._initialize()
  File "/home/hotsoup/.pyenv/versions/3.12.8/envs/ozzfest/lib/python3.12/site-packages/mpf/devices/segment_display/segment_display.py", line 98, in _initialize
    raise AssertionError("Error in platform while configuring segment display {}. "
AssertionError: Error in platform while configuring segment display player1_display. See error above.
2026-01-01 12:25:04,577 : INFO : EventManager : Event: ======'init_phase_2'====== Args={}
2026-01-01 12:25:04,577 : INFO : Machine : Starting the main run loop with active modes: []
2026-01-01 12:25:04,577 : WARNING : Machine : Attract mode is not active, game will not be playable. Please check your attract mode configuration.
2026-01-01 12:25:04,578 : INFO : Machine : Shutting down...
2026-01-01 12:25:04,578 : INFO : EventManager : Event: ======'shutdown'====== Args={}
2026-01-01 12:25:04,579 : INFO : SwitchController : Found active switch: ('9', <mpf.platforms.lisy.lisy.LisyHardwarePlatform object at 0x7f9e8f27da30>) <switch.s_right_ball_trough>
2026-01-01 12:25:04,579 : INFO : SwitchController : Found active switch: ('10', <mpf.platforms.lisy.lisy.LisyHardwarePlatform object at 0x7f9e8f27da30>) <switch.s_left_ball_trough>
2026-01-01 12:25:04,579 : INFO : SwitchController : Found active switch: ('33', <mpf.platforms.lisy.lisy.LisyHardwarePlatform object at 0x7f9e8f27da30>) <switch.s_fivebank_drop_left>
2026-01-01 12:25:04,579 : INFO : SwitchController : Found active switch: ('35', <mpf.platforms.lisy.lisy.LisyHardwarePlatform object at 0x7f9e8f27da30>) <switch.s_fivebank_drop_center>
2026-01-01 12:25:04,579 : INFO : SwitchController : Found active switch: ('36', <mpf.platforms.lisy.lisy.LisyHardwarePlatform object at 0x7f9e8f27da30>) <switch.s_fivebank_drop_right_mid>
2026-01-01 12:25:04,579 : INFO : SwitchController : Found active switch: ('37', <mpf.platforms.lisy.lisy.LisyHardwarePlatform object at 0x7f9e8f27da30>) <switch.s_fivebank_drop_right>
2026-01-01 12:25:04,579 : INFO : SwitchController : Found active switch: ('40', <mpf.platforms.lisy.lisy.LisyHardwarePlatform object at 0x7f9e8f27da30>) <switch.s_upper_kicker>
2026-01-01 12:25:04,592 : INFO : ball_device.trough : BCH: Initial count: 2
2026-01-01 12:25:04,593 : INFO : ball_device.trough : State: idle
2026-01-01 12:25:04,594 : INFO : ball_device.shooter_lane : BCH: Initial count: 0
2026-01-01 12:25:04,594 : INFO : ball_device.shooter_lane : State: idle
2026-01-01 12:25:04,596 : INFO : ball_device.outhole : BCH: Initial count: 0
2026-01-01 12:25:04,597 : INFO : ball_device.outhole : State: idle
2026-01-01 12:25:04,601 : INFO : EventManager : Event: ======'init_phase_3'====== Args={}
2026-01-01 12:25:04,609 : INFO : EventManager : Event: ======'init_phase_4'====== Args={}
2026-01-01 12:25:04,610 : INFO : EventManager : Event: ======'drop_target_drop_fivebank_left_down'====== Args={'device': <drop_target.drop_fivebank_left>}
2026-01-01 12:25:04,610 : INFO : EventManager : Event: ======'drop_target_drop_fivebank_center_down'====== Args={'device': <drop_target.drop_fivebank_center>}
2026-01-01 12:25:04,610 : INFO : EventManager : Event: ======'drop_target_drop_fivebank_right_mid_down'====== Args={'device': <drop_target.drop_fivebank_right_mid>}
2026-01-01 12:25:04,610 : INFO : EventManager : Event: ======'drop_target_drop_fivebank_right_down'====== Args={'device': <drop_target.drop_fivebank_right>}
2026-01-01 12:25:04,611 : INFO : BallController : Initial balls found: 2
2026-01-01 12:25:04,613 : INFO : EventManager : Event: ======'machine_var_audits_switches_s_unused_61'====== Args={'value': 0, 'prev_value': None, 'change': True}
2026-01-01 12:25:04,613 : INFO : EventManager : Event: ======'machine_var_audits_switches_s_turnaround_lower_rollover'====== Args={'value': 0, 'prev_value': None, 'change': True}
2026-01-01 12:25:04,614 : INFO : EventManager : Event: ======'machine_var_audits_switches_s_left_magnet_button'====== Args={'value': 0, 'prev_value': None, 'change': True}
2026-01-01 12:25:04,614 : INFO : EventManager : Event: ======'machine_var_audits_switches_s_right_ball_trough'====== Args={'value': 0, 'prev_value': None, 'change': True}
2026-01-01 12:25:04,614 : INFO : EventManager : Event: ======'machine_var_audits_switches_s_coin_chute_center'====== Args={'value': 0, 'prev_value': None, 'change': True}
2026-01-01 12:25:04,614 : INFO : EventManager : Event: ======'machine_var_audits_switches_s_fivebank_drop_right_mid'====== Args={'value': 0, 'prev_value': None, 'change': True}
2026-01-01 12:25:04,614 : INFO : EventManager : Event: ======'machine_var_audits_switches_s_unused_60'====== Args={'value': 0, 'prev_value': None, 'change': True}
2026-01-01 12:25:04,614 : INFO : EventManager : Event: ======'machine_var_audits_switches_s_left_slingshot'====== Args={'value': 0, 'prev_value': None, 'change': True}
2026-01-01 12:25:04,615 : INFO : EventManager : Event: ======'machine_var_audits_switches_s_coin_chute_left'====== Args={'value': 0, 'prev_value': None, 'change': True}
2026-01-01 12:25:04,615 : INFO : EventManager : Event: ======'machine_var_audits_switches_s_unused_58'====== Args={'value': 0, 'prev_value': None, 'change': True}
2026-01-01 12:25:04,615 : INFO : EventManager : Event: ======'machine_var_audits_switches_s_two_target'====== Args={'value': 0, 'prev_value': None, 'change': True}
2026-01-01 12:25:04,615 : INFO : EventManager : Event: ======'machine_var_audits_switches_s_right_magnet_button'====== Args={'value': 0, 'prev_value': None, 'change': True}
2026-01-01 12:25:04,615 : INFO : EventManager : Event: ======'machine_var_audits_switches_s_fivebank_drop_right'====== Args={'value': 0, 'prev_value': None, 'change': True}
2026-01-01 12:25:04,616 : INFO : EventManager : Event: ======'machine_var_audits_switches_s_lower_eject_hole'====== Args={'value': 0, 'prev_value': None, 'change': True}
2026-01-01 12:25:04,616 : INFO : EventManager : Event: ======'machine_var_audits_switches_s_unused_51'====== Args={'value': 0, 'prev_value': None, 'change': True}
2026-01-01 12:25:04,616 : INFO : EventManager : Event: ======'machine_var_audits_switches_s_unused_62'====== Args={'value': 0, 'prev_value': None, 'change': True}
2026-01-01 12:25:04,616 : INFO : EventManager : Event: ======'machine_var_audits_switches_s_coin_chute_right'====== Args={'value': 0, 'prev_value': None, 'change': True}
2026-01-01 12:25:04,616 : INFO : EventManager : Event: ======'machine_var_audits_switches_s_left_outlane'====== Args={'value': 0, 'prev_value': None, 'change': True}
2026-01-01 12:25:04,616 : INFO : EventManager : Event: ======'machine_var_audits_switches_s_start_button'====== Args={'value': 0, 'prev_value': None, 'change': True}
2026-01-01 12:25:04,616 : INFO : EventManager : Event: ======'machine_var_audits_switches_s_right_threebank_center'====== Args={'value': 0, 'prev_value': None, 'change': True}
2026-01-01 12:25:04,617 : INFO : EventManager : Event: ======'machine_var_audits_switches_s_rollover_4'====== Args={'value': 0, 'prev_value': None, 'change': True}
2026-01-01 12:25:04,617 : INFO : EventManager : Event: ======'machine_var_audits_switches_s_rollover_l'====== Args={'value': 0, 'prev_value': None, 'change': True}
2026-01-01 12:25:04,617 : INFO : EventManager : Event: ======'machine_var_audits_switches_s_upper_left_standup'====== Args={'value': 0, 'prev_value': None, 'change': True}
2026-01-01 12:25:04,617 : INFO : EventManager : Event: ======'machine_var_audits_switches_s_left_threebank_upper'====== Args={'value': 0, 'prev_value': None, 'change': True}
2026-01-01 12:25:04,617 : INFO : EventManager : Event: ======'machine_var_audits_switches_s_right_outlane'====== Args={'value': 0, 'prev_value': None, 'change': True}
2026-01-01 12:25:04,617 : INFO : EventManager : Event: ======'machine_var_audits_switches_s_upper_eject_hole'====== Args={'value': 0, 'prev_value': None, 'change': True}
2026-01-01 12:25:04,617 : INFO : EventManager : Event: ======'machine_var_audits_switches_s_right_standup'====== Args={'value': 0, 'prev_value': None, 'change': True}
2026-01-01 12:25:04,618 : INFO : EventManager : Event: ======'machine_var_audits_switches_s_rollover_5'====== Args={'value': 0, 'prev_value': None, 'change': True}
2026-01-01 12:25:04,618 : INFO : EventManager : Event: ======'machine_var_audits_switches_s_rollover_o'====== Args={'value': 0, 'prev_value': None, 'change': True}
2026-01-01 12:25:04,618 : INFO : EventManager : Event: ======'machine_var_audits_switches_s_upper_kicker'====== Args={'value': 0, 'prev_value': None, 'change': True}
2026-01-01 12:25:04,618 : INFO : EventManager : Event: ======'machine_var_audits_switches_s_playfield_tilt'====== Args={'value': 0, 'prev_value': None, 'change': True}
2026-01-01 12:25:04,618 : INFO : EventManager : Event: ======'machine_var_audits_switches_s_left_threebank_lower'====== Args={'value': 0, 'prev_value': None, 'change': True}
2026-01-01 12:25:04,618 : INFO : EventManager : Event: ======'machine_var_audits_switches_s_unused_64'====== Args={'value': 0, 'prev_value': None, 'change': True}
2026-01-01 12:25:04,618 : INFO : EventManager : Event: ======'machine_var_audits_switches_s_right_threebank_upper'====== Args={'value': 0, 'prev_value': None, 'change': True}
2026-01-01 12:25:04,619 : INFO : EventManager : Event: ======'machine_var_audits_switches_s_fivebank_drop_left'====== Args={'value': 0, 'prev_value': None, 'change': True}
2026-01-01 12:25:04,619 : INFO : EventManager : Event: ======'machine_var_audits_switches_s_unused_55'====== Args={'value': 0, 'prev_value': None, 'change': True}
2026-01-01 12:25:04,619 : INFO : EventManager : Event: ======'machine_var_audits_switches_s_fivebank_drop_center'====== Args={'value': 0, 'prev_value': None, 'change': True}
2026-01-01 12:25:04,619 : INFO : EventManager : Event: ======'machine_var_audits_switches_s_playfield_entry_gate'====== Args={'value': 0, 'prev_value': None, 'change': True}
2026-01-01 12:25:04,619 : INFO : EventManager : Event: ======'machine_var_audits_switches_s_right_threebank_lower'====== Args={'value': 0, 'prev_value': None, 'change': True}
2026-01-01 12:25:04,619 : INFO : EventManager : Event: ======'machine_var_audits_switches_s_unused_52'====== Args={'value': 0, 'prev_value': None, 'change': True}
2026-01-01 12:25:04,619 : INFO : EventManager : Event: ======'machine_var_audits_switches_s_right_slingshot'====== Args={'value': 0, 'prev_value': None, 'change': True}
2026-01-01 12:25:04,620 : INFO : EventManager : Event: ======'machine_var_audits_switches_s_slam_tilt'====== Args={'value': 0, 'prev_value': None, 'change': True}
2026-01-01 12:25:04,620 : INFO : EventManager : Event: ======'machine_var_audits_switches_s_rollover_r'====== Args={'value': 0, 'prev_value': None, 'change': True}
2026-01-01 12:25:04,620 : INFO : EventManager : Event: ======'machine_var_audits_switches_s_unused_53'====== Args={'value': 0, 'prev_value': None, 'change': True}
2026-01-01 12:25:04,620 : INFO : EventManager : Event: ======'machine_var_audits_switches_s_turnaround_upper_rollover'====== Args={'value': 0, 'prev_value': None, 'change': True}
2026-01-01 12:25:04,620 : INFO : EventManager : Event: ======'machine_var_audits_switches_s_left_standup'====== Args={'value': 0, 'prev_value': None, 'change': True}
2026-01-01 12:25:04,620 : INFO : EventManager : Event: ======'machine_var_audits_switches_s_unused_59'====== Args={'value': 0, 'prev_value': None, 'change': True}
2026-01-01 12:25:04,620 : INFO : EventManager : Event: ======'machine_var_audits_switches_s_unused_56'====== Args={'value': 0, 'prev_value': None, 'change': True}
2026-01-01 12:25:04,620 : INFO : EventManager : Event: ======'machine_var_audits_switches_s_three_target'====== Args={'value': 0, 'prev_value': None, 'change': True}
2026-01-01 12:25:04,621 : INFO : EventManager : Event: ======'machine_var_audits_switches_s_shooter_lane'====== Args={'value': 0, 'prev_value': None, 'change': True}
2026-01-01 12:25:04,621 : INFO : EventManager : Event: ======'machine_var_audits_switches_s_left_ball_trough'====== Args={'value': 0, 'prev_value': None, 'change': True}
2026-01-01 12:25:04,621 : INFO : EventManager : Event: ======'machine_var_audits_switches_s_high_score_reset'====== Args={'value': 0, 'prev_value': None, 'change': True}
2026-01-01 12:25:04,621 : INFO : EventManager : Event: ======'machine_var_audits_switches_s_unused_57'====== Args={'value': 0, 'prev_value': None, 'change': True}
2026-01-01 12:25:04,621 : INFO : EventManager : Event: ======'machine_var_audits_switches_s_outhole'====== Args={'value': 0, 'prev_value': None, 'change': True}
2026-01-01 12:25:04,621 : INFO : EventManager : Event: ======'machine_var_audits_switches_s_unused_11'====== Args={'value': 0, 'prev_value': None, 'change': True}
2026-01-01 12:25:04,621 : INFO : EventManager : Event: ======'machine_var_audits_switches_s_unused_54'====== Args={'value': 0, 'prev_value': None, 'change': True}
2026-01-01 12:25:04,621 : INFO : EventManager : Event: ======'machine_var_audits_switches_s_unused_48'====== Args={'value': 0, 'prev_value': None, 'change': True}
2026-01-01 12:25:04,622 : INFO : EventManager : Event: ======'machine_var_audits_switches_s_plumb_bob_tilt'====== Args={'value': 0, 'prev_value': None, 'change': True}
2026-01-01 12:25:04,622 : INFO : EventManager : Event: ======'machine_var_audits_switches_s_left_threebank_center'====== Args={'value': 0, 'prev_value': None, 'change': True}
2026-01-01 12:25:04,623 : INFO : EventManager : Event: ======'machine_var_audits_switches_s_unused_63'====== Args={'value': 0, 'prev_value': None, 'change': True}
2026-01-01 12:25:04,623 : INFO : EventManager : Event: ======'machine_var_audits_switches_s_one_target'====== Args={'value': 0, 'prev_value': None, 'change': True}
2026-01-01 12:25:04,623 : INFO : EventManager : Event: ======'machine_var_audits_switches_s_rollover_d'====== Args={'value': 0, 'prev_value': None, 'change': True}
2026-01-01 12:25:04,623 : INFO : EventManager : Event: ======'machine_var_audits_switches_s_ball_roll_tilt'====== Args={'value': 0, 'prev_value': None, 'change': True}
2026-01-01 12:25:04,623 : INFO : EventManager : Event: ======'machine_var_audits_switches_s_fivebank_drop_left_mid'====== Args={'value': 0, 'prev_value': None, 'change': True}
2026-01-01 12:25:04,624 : INFO : EventManager : Event: ======'machine_var_audits_events_game_started'====== Args={'value': 0, 'prev_value': None, 'change': True}
2026-01-01 12:25:04,624 : INFO : EventManager : Event: ======'machine_var_audits_events_game_ended'====== Args={'value': 0, 'prev_value': None, 'change': True}
2026-01-01 12:25:04,624 : INFO : EventManager : Event: ======'machine_var_audits_player_score'====== Args={'value': {'top': [], 'average': 0, 'total': 0}, 'prev_value': None, 'change': True}
2026-01-01 12:25:04,625 : INFO : EventManager : Event: ======'init_phase_5'====== Args={}
2026-01-01 12:25:04,626 : INFO : EventManager : Event: ======'init_done'====== Args={}
2026-01-01 12:25:04,626 : ERROR : asyncio : Exception in callback Util.raise_exceptions(<Task finishe...ertionError()>) at /home/hotsoup/.pyenv/versions/3.12.8/envs/ozzfest/lib/python3.12/site-packages/mpf/core/utility_functions.py:789
handle: <Handle Util.raise_exceptions(<Task finishe...ertionError()>) at /home/hotsoup/.pyenv/versions/3.12.8/envs/ozzfest/lib/python3.12/site-packages/mpf/core/utility_functions.py:789>
Traceback (most recent call last):
  File "/home/hotsoup/.pyenv/versions/3.12.8/lib/python3.12/asyncio/events.py", line 88, in _run
    self._context.run(self._callback, *self._args)
  File "/home/hotsoup/.pyenv/versions/3.12.8/envs/ozzfest/lib/python3.12/site-packages/mpf/core/utility_functions.py", line 797, in raise_exceptions
    future.result()
  File "/home/hotsoup/.pyenv/versions/3.12.8/envs/ozzfest/lib/python3.12/site-packages/mpf/platforms/lisy/lisy.py", line 576, in _poll
    self.send_byte(LisyDefines.SwitchesGetChangedSwitches)
  File "/home/hotsoup/.pyenv/versions/3.12.8/envs/ozzfest/lib/python3.12/site-packages/mpf/platforms/lisy/lisy.py", line 783, in send_byte
    assert self._writer is not None
           ^^^^^^^^^^^^^^^^^^^^^^^^
AssertionError
2026-01-01 12:25:04,628 : INFO : EventManager : Event: ======'machine_reset_phase_1'====== Args={}
2026-01-01 12:25:04,628 : INFO : EventManager : Event: ======'machine_reset_phase_2'====== Args={}
2026-01-01 12:25:04,629 : INFO : EventManager : Event: ======'machine_reset_phase_3'====== Args={}
2026-01-01 12:25:04,629 : INFO : drop_target_bank.right_threebank : All targets are already up. Will not reset bank.
2026-01-01 12:25:04,629 : INFO : drop_target_bank.left_threebank : All targets are already up. Will not reset bank.
2026-01-01 12:25:04,629 : INFO : drop_target_bank.fivebank_inline : 4 targets are down. Will reset those.
2026-01-01 12:25:04,629 : INFO : coil.c_fivebank_reset_left : Pulsing Driver for 50ms (1.0 pulse_power)
2026-01-01 12:25:04,629 : ERROR : asyncio : Exception in callback EventManager._queue_task_done(<Task finishe...ertionError()>)
handle: <Handle EventManager._queue_task_done(<Task finishe...ertionError()>)>
Traceback (most recent call last):
  File "/home/hotsoup/.pyenv/versions/3.12.8/lib/python3.12/asyncio/events.py", line 88, in _run
    self._context.run(self._callback, *self._args)
  File "/home/hotsoup/.pyenv/versions/3.12.8/envs/ozzfest/lib/python3.12/site-packages/mpf/core/events.py", line 795, in _queue_task_done
    future.result()
  File "/home/hotsoup/.pyenv/versions/3.12.8/envs/ozzfest/lib/python3.12/site-packages/mpf/core/events.py", line 708, in _run_handlers_sequential
    handler.callback(queue=queue, **merged_kwargs)
  File "/home/hotsoup/.pyenv/versions/3.12.8/envs/ozzfest/lib/python3.12/site-packages/mpf/devices/drop_target.py", line 371, in event_reset
    self.reset()
  File "/home/hotsoup/.pyenv/versions/3.12.8/envs/ozzfest/lib/python3.12/site-packages/mpf/devices/drop_target.py", line 413, in reset
    wait_ms = coil.pulse(max_wait_ms=self.config['reset_coil_max_wait_ms'])
              ^^^^^^^^^^^^^^^^^^^^^^^^^^^^^^^^^^^^^^^^^^^^^^^^^^^^^^^^^^^^^
  File "/home/hotsoup/.pyenv/versions/3.12.8/envs/ozzfest/lib/python3.12/site-packages/mpf/devices/driver.py", line 351, in pulse
    self._pulse_now(pulse_ms, pulse_power)
  File "/home/hotsoup/.pyenv/versions/3.12.8/envs/ozzfest/lib/python3.12/site-packages/mpf/devices/driver.py", line 314, in _pulse_now
    self.hw_driver.pulse(PulseSettings(power=pulse_power, duration=pulse_ms))
  File "/home/hotsoup/.pyenv/versions/3.12.8/envs/ozzfest/lib/python3.12/site-packages/mpf/platforms/lisy/lisy.py", line 86, in pulse
    self._configure_pulse_ms(pulse_settings.duration)
  File "/home/hotsoup/.pyenv/versions/3.12.8/envs/ozzfest/lib/python3.12/site-packages/mpf/platforms/lisy/lisy.py", line 77, in _configure_pulse_ms
    self.platform.send_byte(LisyDefines.SolenoidsSetSolenoidPulseTime, bytes(
  File "/home/hotsoup/.pyenv/versions/3.12.8/envs/ozzfest/lib/python3.12/site-packages/mpf/platforms/lisy/lisy.py", line 783, in send_byte
    assert self._writer is not None
           ^^^^^^^^^^^^^^^^^^^^^^^^
AssertionError
2026-01-01 12:25:05,694 : ERROR : Machine : Runtime Exception
Traceback (most recent call last):
  File "/home/hotsoup/.pyenv/versions/3.12.8/envs/ozzfest/lib/python3.12/site-packages/mpf/devices/segment_display/segment_display.py", line 94, in _initialize
    self.hw_display = await self.platform.configure_segment_display(self.config['number'],
                      ^^^^^^^^^^^^^^^^^^^^^^^^^^^^^^^^^^^^^^^^^^^^^^^^^^^^^^^^^^^^^^^^^^^^
  File "/home/hotsoup/.pyenv/versions/3.12.8/envs/ozzfest/lib/python3.12/site-packages/mpf/platforms/lisy/lisy.py", line 772, in configure_segment_display
    await display.initialize()
  File "/home/hotsoup/.pyenv/versions/3.12.8/envs/ozzfest/lib/python3.12/site-packages/mpf/platforms/lisy/lisy.py", line 202, in initialize
    raise AssertionError("Display {} is configured as length {} but hardware reports as {}.".format(
AssertionError: Display 0 is configured as length 7 but hardware reports as 4.

The above exception was the direct cause of the following exception:

Traceback (most recent call last):
  File "/home/hotsoup/.pyenv/versions/3.12.8/envs/ozzfest/lib/python3.12/site-packages/mpf/core/machine.py", line 810, in _run_loop
    raise self._exception['exception']
  File "/home/hotsoup/.pyenv/versions/3.12.8/envs/ozzfest/lib/python3.12/site-packages/mpf/core/system_wide_device.py", line 17, in device_added_system_wide
    await self._initialize()
  File "/home/hotsoup/.pyenv/versions/3.12.8/envs/ozzfest/lib/python3.12/site-packages/mpf/devices/segment_display/segment_display.py", line 98, in _initialize
    raise AssertionError("Error in platform while configuring segment display {}. "
AssertionError: Error in platform while configuring segment display player1_display. See error above.
2026-01-01 12:25:05,695 : INFO : root : MPF run loop ended.
