2026-01-04 22:55:52,966 : INFO : root : Loading config.
2026-01-04 22:55:52,968 : INFO : YamlMultifileConfigLoader : Machine config file #1: config.yaml
2026-01-04 22:55:52,968 : INFO : ConfigProcessor : Loading config from cache: /tmp/e9e80b3d31c2f048a9e4343fcb95b46c.mpf_cache
2026-01-04 22:55:53,007 : INFO : ConfigProcessor : Loading config from cache: /tmp/f7d5582424a408db7bee030fc21773b7.mpf_cache
2026-01-04 22:55:53,007 : INFO : ConfigProcessor : Loading config from cache: /tmp/d57b2631db0d34c1aa3fa3e97463af7c.mpf_cache
2026-01-04 22:55:53,008 : INFO : ConfigProcessor : Loading config from cache: /tmp/f7d5582424a408db7bee030fc21773b7.mpf_cache
2026-01-04 22:55:53,008 : INFO : ConfigProcessor : Loading config from cache: /tmp/c658766bc4e430297273fe782ff8dc33.mpf_cache
2026-01-04 22:55:53,009 : INFO : ConfigProcessor : Loading config from cache: /tmp/78cf4a87adef3e180b4d4190435da4ac.mpf_cache
2026-01-04 22:55:53,009 : INFO : Machine : Mission Pinball Framework Core Engine v0.80.0.dev11
2026-01-04 22:55:53,009 : INFO : Machine : Command line arguments: {'no_load_cache': False, 'create_config_cache': True, 'bcp': True, 'configfile': ['config.yaml'], 'force_assets_load': False, 'platform_integration_test': False, 'jsonlogging': False, 'logfile': 'logs/2026-01-04-22-55-52-mpf-fedora.log', 'pause': False, 'production': False, 'text_ui': True, 'loglevel': 15, 'consoleloglevel': 20, 'force_platform': None, 'syslog_address': None, 'full_logfile_path': '/home/hotsoup/repos/pinball-soup/ozztesting/logs/2026-01-04-22-55-52-mpf-fedora.log'}
2026-01-04 22:55:53,010 : INFO : Machine : MPF path: /home/hotsoup/.pyenv/versions/3.11.8/envs/ozzfest_3118/lib/python3.11/site-packages/mpf
2026-01-04 22:55:53,010 : INFO : Machine : Machine path: /home/hotsoup/repos/pinball-soup/ozztesting
2026-01-04 22:55:53,010 : INFO : Machine : Platform: linux
2026-01-04 22:55:53,010 : INFO : Machine : Python executable location: /home/hotsoup/.pyenv/versions/3.11.8/envs/ozzfest_3118/bin/python
2026-01-04 22:55:53,010 : INFO : Machine : Python version: 3.11.8 (64-bit)
2026-01-04 22:55:53,011 : INFO : Machine : Initializing MPF...
2026-01-04 22:55:53,054 : INFO : lisy : Connecting to /dev/ttyACM0 at 115200bps
2026-01-04 22:55:53,659 : WARNING : lisy : Reset of LISY failed. Did not get a response in 500ms. Will retry.
2026-01-04 22:55:54,160 : WARNING : lisy : Reset of LISY failed. Did not get a response in 500ms. Will retry.
2026-01-04 22:55:54,662 : WARNING : lisy : Reset of LISY failed. Did not get a response in 500ms. Will retry.
2026-01-04 22:55:55,163 : WARNING : lisy : Reset of LISY failed. Did not get a response in 500ms. Will retry.
2026-01-04 22:55:55,666 : WARNING : lisy : Reset of LISY failed. Did not get a response in 500ms. Will retry.
2026-01-04 22:55:56,168 : WARNING : lisy : Reset of LISY failed. Did not get a response in 500ms. Will retry.
2026-01-04 22:55:56,669 : WARNING : lisy : Reset of LISY failed. Did not get a response in 500ms. Will retry.
2026-01-04 22:55:57,170 : WARNING : lisy : Reset of LISY failed. Did not get a response in 500ms. Will retry.
2026-01-04 22:55:57,672 : WARNING : lisy : Reset of LISY failed. Did not get a response in 500ms. Will retry.
2026-01-04 22:55:58,174 : WARNING : lisy : Reset of LISY failed. Did not get a response in 500ms. Will retry.
2026-01-04 22:55:58,445 : ERROR : lisy : Failed to read lisy_version from LISY. Got b''
2026-01-04 22:55:58,449 : WARNING : lisy : Reset of LISY failed. Got 65 instead of 0. Will retry.
2026-01-04 22:55:58,465 : INFO : EventManager : Event: ======'machine_var_lisy_hardware'====== Args={'value': 'APC', 'prev_value': None, 'change': True}
2026-01-04 22:55:58,467 : INFO : EventManager : Event: ======'machine_var_lisy_version'====== Args={'value': '01.04', 'prev_value': None, 'change': True}
2026-01-04 22:55:58,467 : INFO : EventManager : Event: ======'machine_var_lisy_api_version'====== Args={'value': b'0.10', 'prev_value': None, 'change': True}
2026-01-04 22:55:58,785 : INFO : EventManager : Event: ======'machine_var_credits_string'====== Args={'value': 'FREE PLAY', 'prev_value': None, 'change': True}
2026-01-04 22:55:58,800 : INFO : EventManager : Event: ======'machine_var_master_volume'====== Args={'value': 0.5, 'prev_value': None, 'change': True}
2026-01-04 22:55:58,800 : INFO : EventManager : Event: ======'machine_var_mpf_version'====== Args={'value': 'Mission Pinball Framework v0.80.0.dev11', 'prev_value': None, 'change': True}
2026-01-04 22:55:58,800 : INFO : EventManager : Event: ======'machine_var_mpf_extended_version'====== Args={'value': 'Mission Pinball Framework v0.80.0.dev11, Config version:6, Show version: 6, BCP version:1.1', 'prev_value': None, 'change': True}
2026-01-04 22:55:58,800 : INFO : EventManager : Event: ======'machine_var_python_version'====== Args={'value': '3.11.8', 'prev_value': None, 'change': True}
2026-01-04 22:55:58,802 : INFO : EventManager : Event: ======'machine_var_platform'====== Args={'value': 'Linux-6.17.12-300.fc43.x86_64-x86_64-with-glibc2.42', 'prev_value': None, 'change': True}
2026-01-04 22:55:58,803 : INFO : EventManager : Event: ======'machine_var_platform_system'====== Args={'value': 'Linux', 'prev_value': None, 'change': True}
2026-01-04 22:55:58,803 : INFO : EventManager : Event: ======'machine_var_platform_release'====== Args={'value': '6.17.12-300.fc43.x86_64', 'prev_value': None, 'change': True}
2026-01-04 22:55:58,803 : INFO : EventManager : Event: ======'machine_var_platform_version'====== Args={'value': '#1 SMP PREEMPT_DYNAMIC Sat Dec 13 05:06:24 UTC 2025', 'prev_value': None, 'change': True}
2026-01-04 22:55:58,803 : INFO : EventManager : Event: ======'machine_var_platform_machine'====== Args={'value': 'x86_64', 'prev_value': None, 'change': True}
2026-01-04 22:55:58,803 : INFO : EventManager : Event: ======'machine_var_log_file_path'====== Args={'value': '/home/hotsoup/repos/pinball-soup/ozztesting/logs/2026-01-04-22-55-52-mpf-fedora.log', 'prev_value': None, 'change': True}
2026-01-04 22:55:58,803 : INFO : EventManager : Event: ======'init_phase_1'====== Args={}
2026-01-04 22:55:58,830 : WARNING : segment_display.info_display : Segment display update_method will default to 'replace' in a future MPF release. You have no config value specified and are currently getting 'stack' for backwards compatibility. To avoid a breaking change, please set 'update_method: "stack"' in your segment display config.
2026-01-04 22:55:58,830 : WARNING : segment_display.player1_display : Segment display update_method will default to 'replace' in a future MPF release. You have no config value specified and are currently getting 'stack' for backwards compatibility. To avoid a breaking change, please set 'update_method: "stack"' in your segment display config.
2026-01-04 22:55:58,830 : WARNING : segment_display.player2_display : Segment display update_method will default to 'replace' in a future MPF release. You have no config value specified and are currently getting 'stack' for backwards compatibility. To avoid a breaking change, please set 'update_method: "stack"' in your segment display config.
2026-01-04 22:55:58,830 : WARNING : segment_display.player3_display : Segment display update_method will default to 'replace' in a future MPF release. You have no config value specified and are currently getting 'stack' for backwards compatibility. To avoid a breaking change, please set 'update_method: "stack"' in your segment display config.
2026-01-04 22:55:58,830 : WARNING : segment_display.player4_display : Segment display update_method will default to 'replace' in a future MPF release. You have no config value specified and are currently getting 'stack' for backwards compatibility. To avoid a breaking change, please set 'update_method: "stack"' in your segment display config.
2026-01-04 22:55:58,867 : ERROR : asyncio : Task exception was never retrieved
future: <Task finished name='Task-174' coro=<SystemWideDevice.device_added_system_wide() done, defined at /home/hotsoup/.pyenv/versions/3.11.8/envs/ozzfest_3118/lib/python3.11/site-packages/mpf/core/system_wide_device.py:15> exception=AssertionError('Error in platform while configuring segment display info_display. See error above.')>
Traceback (most recent call last):
  File "/home/hotsoup/.pyenv/versions/3.11.8/envs/ozzfest_3118/lib/python3.11/site-packages/mpf/devices/segment_display/segment_display.py", line 94, in _initialize
    self.hw_display = await self.platform.configure_segment_display(self.config['number'],
                      ^^^^^^^^^^^^^^^^^^^^^^^^^^^^^^^^^^^^^^^^^^^^^^^^^^^^^^^^^^^^^^^^^^^^
  File "/home/hotsoup/.pyenv/versions/3.11.8/envs/ozzfest_3118/lib/python3.11/site-packages/mpf/platforms/lisy/lisy.py", line 772, in configure_segment_display
    await display.initialize()
  File "/home/hotsoup/.pyenv/versions/3.11.8/envs/ozzfest_3118/lib/python3.11/site-packages/mpf/platforms/lisy/lisy.py", line 202, in initialize
    raise AssertionError("Display {} is configured as length {} but hardware reports as {}.".format(
AssertionError: Display 0 is configured as length 7 but hardware reports as 4.

The above exception was the direct cause of the following exception:

Traceback (most recent call last):
  File "/home/hotsoup/.pyenv/versions/3.11.8/envs/ozzfest_3118/lib/python3.11/site-packages/mpf/core/system_wide_device.py", line 17, in device_added_system_wide
    await self._initialize()
  File "/home/hotsoup/.pyenv/versions/3.11.8/envs/ozzfest_3118/lib/python3.11/site-packages/mpf/devices/segment_display/segment_display.py", line 98, in _initialize
    raise AssertionError("Error in platform while configuring segment display {}. "
AssertionError: Error in platform while configuring segment display info_display. See error above.
2026-01-04 22:55:58,873 : INFO : EventManager : Event: ======'init_phase_2'====== Args={}
2026-01-04 22:55:58,873 : INFO : Machine : Starting the main run loop with active modes: []
2026-01-04 22:55:58,873 : WARNING : Machine : Attract mode is not active, game will not be playable. Please check your attract mode configuration.
2026-01-04 22:55:58,873 : INFO : Machine : Shutting down...
2026-01-04 22:55:58,874 : INFO : EventManager : Event: ======'shutdown'====== Args={}
2026-01-04 22:55:58,874 : INFO : SwitchController : Found active switch: ('9', <mpf.platforms.lisy.lisy.LisyHardwarePlatform object at 0x7f31595f9370>) <switch.s_ball_trough_right>
2026-01-04 22:55:58,874 : INFO : SwitchController : Found active switch: ('25', <mpf.platforms.lisy.lisy.LisyHardwarePlatform object at 0x7f31595f9370>) <switch.s_threebank_right_lower>
2026-01-04 22:55:58,875 : INFO : SwitchController : Found active switch: ('26', <mpf.platforms.lisy.lisy.LisyHardwarePlatform object at 0x7f31595f9370>) <switch.s_threebank_right_mid>
2026-01-04 22:55:58,875 : INFO : SwitchController : Found active switch: ('27', <mpf.platforms.lisy.lisy.LisyHardwarePlatform object at 0x7f31595f9370>) <switch.s_threebank_right_upper>
2026-01-04 22:55:58,875 : INFO : SwitchController : Found active switch: ('34', <mpf.platforms.lisy.lisy.LisyHardwarePlatform object at 0x7f31595f9370>) <switch.s_fivebank_left_mid>
2026-01-04 22:55:58,875 : INFO : SwitchController : Found active switch: ('35', <mpf.platforms.lisy.lisy.LisyHardwarePlatform object at 0x7f31595f9370>) <switch.s_fivebank_center>
2026-01-04 22:55:58,875 : INFO : SwitchController : Found active switch: ('37', <mpf.platforms.lisy.lisy.LisyHardwarePlatform object at 0x7f31595f9370>) <switch.s_fivebank_right>
2026-01-04 22:55:58,875 : INFO : SwitchController : Found active switch: ('40', <mpf.platforms.lisy.lisy.LisyHardwarePlatform object at 0x7f31595f9370>) <switch.s_slingshot_upper>
2026-01-04 22:55:58,875 : INFO : SwitchController : Found active switch: ('42', <mpf.platforms.lisy.lisy.LisyHardwarePlatform object at 0x7f31595f9370>) <switch.s_outhole>
2026-01-04 22:55:58,881 : INFO : EventManager : Event: ======'bcp_connection_attempt'====== Args={'name': 'local_display', 'host': 'localhost', 'port': 5050}
2026-01-04 22:55:58,883 : ERROR : asyncio : Exception in callback EventManager.process_event_queue()
handle: <Handle EventManager.process_event_queue()>
Traceback (most recent call last):
  File "/home/hotsoup/.pyenv/versions/3.11.8/envs/ozzfest_3118/lib/python3.11/site-packages/mpf/core/events.py", line 755, in _run_handlers
    result = handler.callback(**merged_kwargs)
             ^^^^^^^^^^^^^^^^^^^^^^^^^^^^^^^^^
  File "/home/hotsoup/.pyenv/versions/3.11.8/envs/ozzfest_3118/lib/python3.11/site-packages/mpf/core/text_ui.py", line 459, in _bcp_connection_attempt
    self._pending_bcp_connection = PopUpDialog(self.screen,
                                   ^^^^^^^^^^^^^^^^^^^^^^^^
  File "/home/hotsoup/.pyenv/versions/3.11.8/envs/ozzfest_3118/lib/python3.11/site-packages/asciimatics/widgets/popupdialog.py", line 39, in __init__
    string_len = wcswidth if screen.unicode_aware else len
                             ^^^^^^^^^^^^^^^^^^^^
AttributeError: 'NoneType' object has no attribute 'unicode_aware'

The above exception was the direct cause of the following exception:

Traceback (most recent call last):
  File "/home/hotsoup/.pyenv/versions/3.11.8/lib/python3.11/asyncio/events.py", line 84, in _run
    self._context.run(self._callback, *self._args)
  File "/home/hotsoup/.pyenv/versions/3.11.8/envs/ozzfest_3118/lib/python3.11/site-packages/mpf/core/events.py", line 846, in process_event_queue
    self._process_event(event=event[0],
  File "/home/hotsoup/.pyenv/versions/3.11.8/envs/ozzfest_3118/lib/python3.11/site-packages/mpf/core/events.py", line 808, in _process_event
    result = self._run_handlers(event, ev_type, kwargs)
             ^^^^^^^^^^^^^^^^^^^^^^^^^^^^^^^^^^^^^^^^^^
  File "/home/hotsoup/.pyenv/versions/3.11.8/envs/ozzfest_3118/lib/python3.11/site-packages/mpf/core/events.py", line 757, in _run_handlers
    raise EventHandlerException(
mpf.core.events.EventHandlerException: Exception while processing RegisteredHandler(callback=<bound method TextUi._bcp_connection_attempt of <mpf.core.text_ui.TextUi object at 0x7f31595375b0>>, priority=1, kwargs={}, key=UUID('845980b3-66ca-43ee-8f7f-766e2606c965'), condition=None, blocking_facility=None) for event bcp_connection_attempt. 'NoneType' object has no attribute 'unicode_aware'
2026-01-04 22:55:58,885 : INFO : BCPClientSocket : Connecting BCP to 'local_display' at localhost:5050...
2026-01-04 22:55:59,986 : ERROR : Machine : Runtime Exception
Traceback (most recent call last):
  File "/home/hotsoup/.pyenv/versions/3.11.8/envs/ozzfest_3118/lib/python3.11/site-packages/mpf/devices/segment_display/segment_display.py", line 94, in _initialize
    self.hw_display = await self.platform.configure_segment_display(self.config['number'],
                      ^^^^^^^^^^^^^^^^^^^^^^^^^^^^^^^^^^^^^^^^^^^^^^^^^^^^^^^^^^^^^^^^^^^^
  File "/home/hotsoup/.pyenv/versions/3.11.8/envs/ozzfest_3118/lib/python3.11/site-packages/mpf/platforms/lisy/lisy.py", line 772, in configure_segment_display
    await display.initialize()
  File "/home/hotsoup/.pyenv/versions/3.11.8/envs/ozzfest_3118/lib/python3.11/site-packages/mpf/platforms/lisy/lisy.py", line 202, in initialize
    raise AssertionError("Display {} is configured as length {} but hardware reports as {}.".format(
AssertionError: Display 0 is configured as length 7 but hardware reports as 4.

The above exception was the direct cause of the following exception:

Traceback (most recent call last):
  File "/home/hotsoup/.pyenv/versions/3.11.8/envs/ozzfest_3118/lib/python3.11/site-packages/mpf/core/machine.py", line 810, in _run_loop
    raise self._exception['exception']
  File "/home/hotsoup/.pyenv/versions/3.11.8/envs/ozzfest_3118/lib/python3.11/site-packages/mpf/core/system_wide_device.py", line 17, in device_added_system_wide
    await self._initialize()
  File "/home/hotsoup/.pyenv/versions/3.11.8/envs/ozzfest_3118/lib/python3.11/site-packages/mpf/devices/segment_display/segment_display.py", line 98, in _initialize
    raise AssertionError("Error in platform while configuring segment display {}. "
AssertionError: Error in platform while configuring segment display info_display. See error above.
2026-01-04 22:55:59,988 : INFO : root : MPF run loop ended.
